<?xml version="1.0" encoding="UTF-8"?>
<!-- Generated by org.testng.reporters.JUnitXMLReporter -->
<testsuite ignored="3" hostname="DESKTOP-TH63HAS" failures="0" tests="1" name="Default test" time="13.175" errors="0" timestamp="2022-03-12T12:51:50 IST">
  <testcase classname="TestCases.Login_Test" name="LoginFailiureTest" time="7.21"/>
  <testcase classname="TestCases.Login_Test" name="ParameterizedTest" time="0.0">
    <ignored/>
  </testcase> <!-- ParameterizedTest -->
  <testcase classname="TestCases.Login_Test" name="LoginSuccessTest" time="0.0">
    <ignored/>
  </testcase> <!-- LoginSuccessTest -->
  <testcase classname="TestCases.Login_Test" name="ExternalDataTest" time="0.0">
    <ignored/>
  </testcase> <!-- ExternalDataTest -->
</testsuite> <!-- Default test -->
