<?xml version="1.0" encoding="UTF-8"?>
<!-- Generated by org.testng.reporters.JUnitXMLReporter -->
<testsuite ignored="0" hostname="DESKTOP-TH63HAS" failures="0" tests="4" name="Test" time="58.047" errors="0" timestamp="2022-03-13T09:45:45 IST">
  <testcase classname="TestCases.Login_Test" name="ExternalDataTest" time="9.109"/>
  <testcase classname="TestCases.Login_Test" name="LoginSuccessTest" time="11.943"/>
  <testcase classname="TestCases.Login_Test" name="ParameterizedTest" time="7.873"/>
  <testcase classname="TestCases.Login_Test" name="LoginFailiureTest" time="7.975"/>
</testsuite> <!-- Test -->
