<?xml version="1.0" encoding="UTF-8"?>
<!-- Generated by org.testng.reporters.JUnitXMLReporter -->
<testsuite ignored="0" hostname="DESKTOP-TH63HAS" failures="0" tests="4" name="Test" time="52.994" errors="0" timestamp="2022-03-19T09:46:19 IST">
  <testcase classname="TestCases.Login_Test" name="ExternalDataTest" time="8.447"/>
  <testcase classname="TestCases.Login_Test" name="LoginSuccessTest" time="10.608"/>
  <testcase classname="TestCases.Login_Test" name="ParameterizedTest" time="4.853"/>
  <testcase classname="TestCases.Login_Test" name="LoginFailiureTest" time="8.563"/>
</testsuite> <!-- Test -->
