<?xml version="1.0" encoding="UTF-8"?>
<testng-results ignored="0" total="4" passed="4" failed="0" skipped="0">
  <reporter-output>
  </reporter-output>
  <suite started-at="2022-03-19T09:45:26 IST" name="Suite" finished-at="2022-03-19T09:46:19 IST" duration-ms="52994">
    <groups>
    </groups>
    <test started-at="2022-03-19T09:45:26 IST" name="Test" finished-at="2022-03-19T09:46:19 IST" duration-ms="52994">
      <class name="TestCases.Login_Test">
        <test-method is-config="true" signature="DataSetUP()[pri:0, instance:TestCases.Login_Test@48974e45]" started-at="2022-03-19T09:45:26 IST" name="DataSetUP" finished-at="2022-03-19T09:45:28 IST" duration-ms="1184" status="PASS">
          <reporter-output>
          </reporter-output>
        </test-method> <!-- DataSetUP -->
        <test-method is-config="true" signature="Setup(java.lang.reflect.Method)[pri:0, instance:TestCases.Login_Test@48974e45]" started-at="2022-03-19T09:45:28 IST" name="Setup" finished-at="2022-03-19T09:45:34 IST" duration-ms="6700" status="PASS">
          <params>
            <param index="0">
              <value>
                <![CDATA[public void TestCases.Login_Test.ExternalDataTest()]]>
              </value>
            </param>
          </params>
          <reporter-output>
          </reporter-output>
        </test-method> <!-- Setup -->
        <test-method signature="ExternalDataTest()[pri:0, instance:TestCases.Login_Test@48974e45]" started-at="2022-03-19T09:45:34 IST" name="ExternalDataTest" finished-at="2022-03-19T09:45:43 IST" duration-ms="8447" status="PASS">
          <reporter-output>
          </reporter-output>
        </test-method> <!-- ExternalDataTest -->
        <test-method is-config="true" signature="Teardown()[pri:0, instance:TestCases.Login_Test@48974e45]" started-at="2022-03-19T09:45:43 IST" name="Teardown" finished-at="2022-03-19T09:45:44 IST" duration-ms="755" status="PASS">
          <reporter-output>
          </reporter-output>
        </test-method> <!-- Teardown -->
        <test-method is-config="true" signature="Setup(java.lang.reflect.Method)[pri:0, instance:TestCases.Login_Test@48974e45]" started-at="2022-03-19T09:45:44 IST" name="Setup" finished-at="2022-03-19T09:45:46 IST" duration-ms="2849" status="PASS">
          <params>
            <param index="0">
              <value>
                <![CDATA[public void TestCases.Login_Test.LoginSuccessTest()]]>
              </value>
            </param>
          </params>
          <reporter-output>
          </reporter-output>
        </test-method> <!-- Setup -->
        <test-method signature="LoginSuccessTest()[pri:0, instance:TestCases.Login_Test@48974e45]" started-at="2022-03-19T09:45:46 IST" name="LoginSuccessTest" finished-at="2022-03-19T09:45:57 IST" duration-ms="10608" status="PASS">
          <reporter-output>
          </reporter-output>
        </test-method> <!-- LoginSuccessTest -->
        <test-method is-config="true" signature="Teardown()[pri:0, instance:TestCases.Login_Test@48974e45]" started-at="2022-03-19T09:45:57 IST" name="Teardown" finished-at="2022-03-19T09:45:58 IST" duration-ms="670" status="PASS">
          <reporter-output>
          </reporter-output>
        </test-method> <!-- Teardown -->
        <test-method is-config="true" signature="Setup(java.lang.reflect.Method)[pri:0, instance:TestCases.Login_Test@48974e45]" started-at="2022-03-19T09:45:58 IST" name="Setup" finished-at="2022-03-19T09:46:01 IST" duration-ms="3055" status="PASS">
          <params>
            <param index="0">
              <value>
                <![CDATA[public void TestCases.Login_Test.ParameterizedTest(java.lang.String,java.lang.String)]]>
              </value>
            </param>
          </params>
          <reporter-output>
          </reporter-output>
        </test-method> <!-- Setup -->
        <test-method signature="ParameterizedTest(java.lang.String,java.lang.String)[pri:0, instance:TestCases.Login_Test@48974e45]" started-at="2022-03-19T09:46:01 IST" name="ParameterizedTest" finished-at="2022-03-19T09:46:06 IST" duration-ms="4853" status="PASS">
          <params>
            <param index="0">
              <value>
                <![CDATA[xyz@abc.com]]>
              </value>
            </param>
            <param index="1">
              <value>
                <![CDATA[Abc@12345]]>
              </value>
            </param>
          </params>
          <reporter-output>
          </reporter-output>
        </test-method> <!-- ParameterizedTest -->
        <test-method is-config="true" signature="Teardown()[pri:0, instance:TestCases.Login_Test@48974e45]" started-at="2022-03-19T09:46:06 IST" name="Teardown" finished-at="2022-03-19T09:46:06 IST" duration-ms="685" status="PASS">
          <reporter-output>
          </reporter-output>
        </test-method> <!-- Teardown -->
        <test-method is-config="true" signature="Setup(java.lang.reflect.Method)[pri:0, instance:TestCases.Login_Test@48974e45]" started-at="2022-03-19T09:46:06 IST" name="Setup" finished-at="2022-03-19T09:46:10 IST" duration-ms="3359" status="PASS">
          <params>
            <param index="0">
              <value>
                <![CDATA[public void TestCases.Login_Test.LoginFailiureTest()]]>
              </value>
            </param>
          </params>
          <reporter-output>
          </reporter-output>
        </test-method> <!-- Setup -->
        <test-method signature="LoginFailiureTest()[pri:1, instance:TestCases.Login_Test@48974e45]" started-at="2022-03-19T09:46:10 IST" name="LoginFailiureTest" finished-at="2022-03-19T09:46:18 IST" duration-ms="8563" status="PASS">
          <reporter-output>
          </reporter-output>
        </test-method> <!-- LoginFailiureTest -->
        <test-method is-config="true" signature="Teardown()[pri:0, instance:TestCases.Login_Test@48974e45]" started-at="2022-03-19T09:46:18 IST" name="Teardown" finished-at="2022-03-19T09:46:19 IST" duration-ms="726" status="PASS">
          <reporter-output>
          </reporter-output>
        </test-method> <!-- Teardown -->
        <test-method is-config="true" signature="DataTearDown()[pri:0, instance:TestCases.Login_Test@48974e45]" started-at="2022-03-19T09:46:19 IST" name="DataTearDown" finished-at="2022-03-19T09:46:19 IST" duration-ms="468" status="PASS">
          <reporter-output>
          </reporter-output>
        </test-method> <!-- DataTearDown -->
      </class> <!-- TestCases.Login_Test -->
    </test> <!-- Test -->
  </suite> <!-- Suite -->
</testng-results>
