<?xml version="1.0" encoding="UTF-8"?>
<testng-results ignored="0" total="4" passed="4" failed="0" skipped="0">
  <reporter-output>
  </reporter-output>
  <suite started-at="2022-03-13T09:44:47 IST" name="Suite" finished-at="2022-03-13T09:45:45 IST" duration-ms="58047">
    <groups>
    </groups>
    <test started-at="2022-03-13T09:44:47 IST" name="Test" finished-at="2022-03-13T09:45:45 IST" duration-ms="58047">
      <class name="TestCases.Login_Test">
        <test-method is-config="true" signature="DataSetUP()[pri:0, instance:TestCases.Login_Test@14555e0a]" started-at="2022-03-13T09:44:47 IST" name="DataSetUP" finished-at="2022-03-13T09:44:48 IST" duration-ms="1128" status="PASS">
          <reporter-output>
          </reporter-output>
        </test-method> <!-- DataSetUP -->
        <test-method is-config="true" signature="Setup(java.lang.reflect.Method)[pri:0, instance:TestCases.Login_Test@14555e0a]" started-at="2022-03-13T09:44:48 IST" name="Setup" finished-at="2022-03-13T09:44:54 IST" duration-ms="5824" status="PASS">
          <params>
            <param index="0">
              <value>
                <![CDATA[public void TestCases.Login_Test.ExternalDataTest()]]>
              </value>
            </param>
          </params>
          <reporter-output>
          </reporter-output>
        </test-method> <!-- Setup -->
        <test-method signature="ExternalDataTest()[pri:0, instance:TestCases.Login_Test@14555e0a]" started-at="2022-03-13T09:44:54 IST" name="ExternalDataTest" finished-at="2022-03-13T09:45:03 IST" duration-ms="9109" status="PASS">
          <reporter-output>
          </reporter-output>
        </test-method> <!-- ExternalDataTest -->
        <test-method is-config="true" signature="Teardown()[pri:0, instance:TestCases.Login_Test@14555e0a]" started-at="2022-03-13T09:45:03 IST" name="Teardown" finished-at="2022-03-13T09:45:03 IST" duration-ms="777" status="PASS">
          <reporter-output>
          </reporter-output>
        </test-method> <!-- Teardown -->
        <test-method is-config="true" signature="Setup(java.lang.reflect.Method)[pri:0, instance:TestCases.Login_Test@14555e0a]" started-at="2022-03-13T09:45:03 IST" name="Setup" finished-at="2022-03-13T09:45:07 IST" duration-ms="3500" status="PASS">
          <params>
            <param index="0">
              <value>
                <![CDATA[public void TestCases.Login_Test.LoginSuccessTest()]]>
              </value>
            </param>
          </params>
          <reporter-output>
          </reporter-output>
        </test-method> <!-- Setup -->
        <test-method signature="LoginSuccessTest()[pri:0, instance:TestCases.Login_Test@14555e0a]" started-at="2022-03-13T09:45:07 IST" name="LoginSuccessTest" finished-at="2022-03-13T09:45:19 IST" duration-ms="11943" status="PASS">
          <reporter-output>
          </reporter-output>
        </test-method> <!-- LoginSuccessTest -->
        <test-method is-config="true" signature="Teardown()[pri:0, instance:TestCases.Login_Test@14555e0a]" started-at="2022-03-13T09:45:19 IST" name="Teardown" finished-at="2022-03-13T09:45:20 IST" duration-ms="927" status="PASS">
          <reporter-output>
          </reporter-output>
        </test-method> <!-- Teardown -->
        <test-method is-config="true" signature="Setup(java.lang.reflect.Method)[pri:0, instance:TestCases.Login_Test@14555e0a]" started-at="2022-03-13T09:45:20 IST" name="Setup" finished-at="2022-03-13T09:45:23 IST" duration-ms="3455" status="PASS">
          <params>
            <param index="0">
              <value>
                <![CDATA[public void TestCases.Login_Test.ParameterizedTest(java.lang.String,java.lang.String)]]>
              </value>
            </param>
          </params>
          <reporter-output>
          </reporter-output>
        </test-method> <!-- Setup -->
        <test-method signature="ParameterizedTest(java.lang.String,java.lang.String)[pri:0, instance:TestCases.Login_Test@14555e0a]" started-at="2022-03-13T09:45:23 IST" name="ParameterizedTest" finished-at="2022-03-13T09:45:31 IST" duration-ms="7873" status="PASS">
          <params>
            <param index="0">
              <value>
                <![CDATA[xyz@abc.com]]>
              </value>
            </param>
            <param index="1">
              <value>
                <![CDATA[Abc@12345]]>
              </value>
            </param>
          </params>
          <reporter-output>
          </reporter-output>
        </test-method> <!-- ParameterizedTest -->
        <test-method is-config="true" signature="Teardown()[pri:0, instance:TestCases.Login_Test@14555e0a]" started-at="2022-03-13T09:45:31 IST" name="Teardown" finished-at="2022-03-13T09:45:32 IST" duration-ms="763" status="PASS">
          <reporter-output>
          </reporter-output>
        </test-method> <!-- Teardown -->
        <test-method is-config="true" signature="Setup(java.lang.reflect.Method)[pri:0, instance:TestCases.Login_Test@14555e0a]" started-at="2022-03-13T09:45:32 IST" name="Setup" finished-at="2022-03-13T09:45:35 IST" duration-ms="3418" status="PASS">
          <params>
            <param index="0">
              <value>
                <![CDATA[public void TestCases.Login_Test.LoginFailiureTest()]]>
              </value>
            </param>
          </params>
          <reporter-output>
          </reporter-output>
        </test-method> <!-- Setup -->
        <test-method signature="LoginFailiureTest()[pri:1, instance:TestCases.Login_Test@14555e0a]" started-at="2022-03-13T09:45:35 IST" name="LoginFailiureTest" finished-at="2022-03-13T09:45:43 IST" duration-ms="7975" status="PASS">
          <reporter-output>
          </reporter-output>
        </test-method> <!-- LoginFailiureTest -->
        <test-method is-config="true" signature="Teardown()[pri:0, instance:TestCases.Login_Test@14555e0a]" started-at="2022-03-13T09:45:43 IST" name="Teardown" finished-at="2022-03-13T09:45:44 IST" duration-ms="800" status="PASS">
          <reporter-output>
          </reporter-output>
        </test-method> <!-- Teardown -->
        <test-method is-config="true" signature="DataTearDown()[pri:0, instance:TestCases.Login_Test@14555e0a]" started-at="2022-03-13T09:45:44 IST" name="DataTearDown" finished-at="2022-03-13T09:45:45 IST" duration-ms="484" status="PASS">
          <reporter-output>
          </reporter-output>
        </test-method> <!-- DataTearDown -->
      </class> <!-- TestCases.Login_Test -->
    </test> <!-- Test -->
  </suite> <!-- Suite -->
</testng-results>
